<?xml version="1.0" encoding="UTF-8"?>
<!-- Generated by org.testng.reporters.JUnitReportReporter -->
<testsuite skipped="0" hostname="LAPTOP-OTH4K8C1" name="com.HRM.TestCases.TC_001_LoginWithValidCredentials" tests="3" failures="0" timestamp="2021-12-27T18:39:34 IST" time="4.585" errors="0">
  <testcase name="set_LoginCredentials" time="0.105" classname="com.HRM.TestCases.TC_001_LoginWithValidCredentials"/>
  <system-out/>
  <testcase name="click_onLoginButton" time="4.463" classname="com.HRM.TestCases.TC_001_LoginWithValidCredentials"/>
  <system-out/>
  <testcase name="verifyTheTitle_AfterLogin" time="0.017" classname="com.HRM.TestCases.TC_001_LoginWithValidCredentials"/>
  <system-out/>
</testsuite> <!-- com.HRM.TestCases.TC_001_LoginWithValidCredentials -->
