<?xml version="1.0" encoding="UTF-8"?>
<!-- Generated by org.testng.reporters.JUnitReportReporter -->
<testsuite skipped="0" hostname="LAPTOP-OTH4K8C1" name="com.HRM.TestCases.TC_001_LoginWithValidCredentials" tests="3" failures="0" timestamp="2021-12-27T21:24:15 IST" time="6.037" errors="0">
  <testcase name="set_LoginCredentials" time="0.123" classname="com.HRM.TestCases.TC_001_LoginWithValidCredentials"/>
  <system-out/>
  <testcase name="click_onLoginButton" time="5.903" classname="com.HRM.TestCases.TC_001_LoginWithValidCredentials"/>
  <system-out/>
  <testcase name="verifyTheTitle_AfterLogin" time="0.011" classname="com.HRM.TestCases.TC_001_LoginWithValidCredentials"/>
  <system-out/>
</testsuite> <!-- com.HRM.TestCases.TC_001_LoginWithValidCredentials -->
