<?xml version="1.0" encoding="UTF-8"?>
<!-- Generated by org.testng.reporters.JUnitReportReporter -->
<testsuite skipped="0" hostname="LAPTOP-OTH4K8C1" name="com.HRM.TestCases.Tc_002_CreateNewEmployeeAndLoginWithNewEmployee" tests="5" failures="0" timestamp="2021-12-27T21:24:15 IST" time="23.138" errors="0">
  <testcase name="set_LoginCredentials" time="0.083" classname="com.HRM.TestCases.Tc_002_CreateNewEmployeeAndLoginWithNewEmployee"/>
  <system-out/>
  <testcase name="click_onLoginButton" time="6.414" classname="com.HRM.TestCases.Tc_002_CreateNewEmployeeAndLoginWithNewEmployee"/>
  <system-out/>
  <testcase name="creatingNewUser" time="7.072" classname="com.HRM.TestCases.Tc_002_CreateNewEmployeeAndLoginWithNewEmployee"/>
  <system-out/>
  <testcase name="logOutFromHRMApplication" time="6.711" classname="com.HRM.TestCases.Tc_002_CreateNewEmployeeAndLoginWithNewEmployee"/>
  <system-out/>
  <testcase name="loginWithNewlyCreatedUser" time="2.858" classname="com.HRM.TestCases.Tc_002_CreateNewEmployeeAndLoginWithNewEmployee"/>
  <system-out/>
</testsuite> <!-- com.HRM.TestCases.Tc_002_CreateNewEmployeeAndLoginWithNewEmployee -->
